<?xml version="1.0" encoding="UTF-8"?>
<!-- Generated by org.testng.reporters.JUnitReportReporter -->
<testsuite skipped="0" hostname="DESKTOP-6SGILJT" name="com.TestCase_01.Facebook_register_Testcase" tests="1" failures="0" timestamp="10 Jun 2020 14:52:58 GMT" time="3.270" errors="0">
  <testcase name="register" time="3.270" classname="com.TestCase_01.Facebook_register_Testcase"/>
</testsuite> <!-- com.TestCase_01.Facebook_register_Testcase -->
