<?xml version="1.0" encoding="UTF-8"?>
<!-- Generated by org.testng.reporters.JUnitReportReporter -->
<testsuite skipped="0" hostname="DESKTOP-6SGILJT" name="com.TestCase.Facebook_register_Testcase" tests="1" failures="0" timestamp="16 Jun 2020 15:30:21 GMT" time="5.174" errors="0">
  <testcase name="register" time="5.174" classname="com.TestCase.Facebook_register_Testcase"/>
</testsuite> <!-- com.TestCase.Facebook_register_Testcase -->
