<?xml version="1.0" encoding="UTF-8"?>
<!-- Generated by org.testng.reporters.JUnitReportReporter -->
<testsuite skipped="0" hostname="DESKTOP-6SGILJT" name="com.TestCase.Facebook_register_Testcase" tests="1" failures="0" timestamp="15 Jun 2020 09:38:46 GMT" time="5.541" errors="0">
  <testcase name="register" time="5.541" classname="com.TestCase.Facebook_register_Testcase"/>
</testsuite> <!-- com.TestCase.Facebook_register_Testcase -->
