<?xml version="1.0" encoding="UTF-8"?>
<!-- Generated by org.testng.reporters.JUnitReportReporter -->
<testsuite skipped="0" hostname="DESKTOP-6SGILJT" name="com.TestCase_01.Facebook_loginTestcase" tests="1" failures="0" timestamp="11 Jun 2020 14:57:22 GMT" time="1.704" errors="0">
  <testcase name="login" time="1.704" classname="com.TestCase_01.Facebook_loginTestcase"/>
</testsuite> <!-- com.TestCase_01.Facebook_loginTestcase -->
