<?xml version="1.0" encoding="UTF-8"?>
<!-- Generated by org.testng.reporters.JUnitReportReporter -->
<testsuite skipped="0" hostname="DESKTOP-6SGILJT" name="com.TestCase.Facebook_loginTestcase" tests="1" failures="0" timestamp="13 Jun 2020 10:12:53 GMT" time="5.235" errors="0">
  <testcase name="login" time="5.235" classname="com.TestCase.Facebook_loginTestcase"/>
</testsuite> <!-- com.TestCase.Facebook_loginTestcase -->
